  
  C:\Users\hak\Documents\KU\COMP 491\Code\reduction-matrix\reduction-matrix>"C:\Program Files\NVIDIA GPU Computing Toolkit\CUDA\v8.0\bin\nvcc.exe" -ccbin "C:\Program Files (x86)\Microsoft Visual Studio 14.0\VC\bin\x86_amd64"  -I../ -I../Common -I../Memory -I"C:\Program Files\NVIDIA GPU Computing Toolkit\CUDA\v8.0\include" -I"C:\Program Files\NVIDIA GPU Computing Toolkit\CUDA\v8.0\include"  -G   --keep-dir x64\Debug -maxrregcount=0  --machine 64 --compile   -g   -DWIN32 -DWIN64 -D_DEBUG -D_CONSOLE -D_MBCS -Xcompiler "/EHsc /W3 /nologo /Od /FS /Zi /RTC1 /MDd " -o x64\Debug\reduction_kernels.cu.obj "C:\Users\hak\Documents\KU\COMP 491\Code\reduction-matrix\reduction-matrix\CUDA\reduction_kernels.cu" -clean 
CUDACOMPILE : nvcc warning : The 'compute_20', 'sm_20', and 'sm_21' architectures are deprecated, and may be removed in a future release (Use -Wno-deprecated-gpu-targets to suppress warning).
  reduction_kernels.cu
  Compiling CUDA source file CUDA\reduction_kernels.cu...
  
  C:\Users\hak\Documents\KU\COMP 491\Code\reduction-matrix\reduction-matrix>"C:\Program Files\NVIDIA GPU Computing Toolkit\CUDA\v8.0\bin\nvcc.exe" -gencode=arch=compute_20,code=\"sm_20,compute_20\" -gencode=arch=compute_30,code=\"sm_30,compute_30\" -gencode=arch=compute_35,code=\"sm_35,compute_35\" -gencode=arch=compute_37,code=\"sm_37,compute_37\" -gencode=arch=compute_50,code=\"sm_50,compute_50\" -gencode=arch=compute_52,code=\"sm_52,compute_52\" -gencode=arch=compute_60,code=\"sm_60,compute_60\" --use-local-env --cl-version 2015 -ccbin "C:\Program Files (x86)\Microsoft Visual Studio 14.0\VC\bin\x86_amd64"  -I../ -I../Common -I../Memory -I"C:\Program Files\NVIDIA GPU Computing Toolkit\CUDA\v8.0\include" -I"C:\Program Files\NVIDIA GPU Computing Toolkit\CUDA\v8.0\include"  -G   --keep-dir x64\Debug -maxrregcount=0  --machine 64 --compile -cudart static  -g   -DWIN32 -DWIN64 -D_DEBUG -D_CONSOLE -D_MBCS -Xcompiler "/EHsc /W3 /nologo /Od /FS /Zi /RTC1 /MDd " -o x64\Debug\reduction_kernels.cu.obj "C:\Users\hak\Documents\KU\COMP 491\Code\reduction-matrix\reduction-matrix\CUDA\reduction_kernels.cu" 
CUDACOMPILE : nvcc warning : The 'compute_20', 'sm_20', and 'sm_21' architectures are deprecated, and may be removed in a future release (Use -Wno-deprecated-gpu-targets to suppress warning).
  reduction_kernels.cu
  reduction-matrix-result.cpp
c:\users\hak\documents\ku\comp 491\code\reduction-matrix\reduction-matrix\reduction-matrix-result.cpp(55): warning C4996: 'strcmpi': The POSIX name for this item is deprecated. Instead, use the ISO C and C++ conformant name: _strcmpi. See online help for details.
  c:\program files (x86)\windows kits\10\include\10.0.10240.0\ucrt\string.h(562): note: see declaration of 'strcmpi'
c:\users\hak\documents\ku\comp 491\code\reduction-matrix\reduction-matrix\reduction-matrix-result.cpp(58): warning C4996: 'strcmpi': The POSIX name for this item is deprecated. Instead, use the ISO C and C++ conformant name: _strcmpi. See online help for details.
  c:\program files (x86)\windows kits\10\include\10.0.10240.0\ucrt\string.h(562): note: see declaration of 'strcmpi'
c:\users\hak\documents\ku\comp 491\code\reduction-matrix\reduction-matrix\reduction-matrix-result.cpp(82): warning C4996: 'strcmpi': The POSIX name for this item is deprecated. Instead, use the ISO C and C++ conformant name: _strcmpi. See online help for details.
  c:\program files (x86)\windows kits\10\include\10.0.10240.0\ucrt\string.h(562): note: see declaration of 'strcmpi'
c:\users\hak\documents\ku\comp 491\code\reduction-matrix\reduction-matrix\reduction-matrix-result.cpp(85): warning C4996: 'strcmpi': The POSIX name for this item is deprecated. Instead, use the ISO C and C++ conformant name: _strcmpi. See online help for details.
  c:\program files (x86)\windows kits\10\include\10.0.10240.0\ucrt\string.h(562): note: see declaration of 'strcmpi'
c:\users\hak\documents\ku\comp 491\code\reduction-matrix\reduction-matrix\reduction-matrix-result.cpp(96): warning C4996: 'strcmpi': The POSIX name for this item is deprecated. Instead, use the ISO C and C++ conformant name: _strcmpi. See online help for details.
  c:\program files (x86)\windows kits\10\include\10.0.10240.0\ucrt\string.h(562): note: see declaration of 'strcmpi'
c:\users\hak\documents\ku\comp 491\code\reduction-matrix\reduction-matrix\reduction-matrix-result.cpp(99): warning C4996: 'strcmpi': The POSIX name for this item is deprecated. Instead, use the ISO C and C++ conformant name: _strcmpi. See online help for details.
  c:\program files (x86)\windows kits\10\include\10.0.10240.0\ucrt\string.h(562): note: see declaration of 'strcmpi'
c:\users\hak\documents\ku\comp 491\code\reduction-matrix\reduction-matrix\reduction-matrix-result.cpp(144): warning C4996: 'strcmpi': The POSIX name for this item is deprecated. Instead, use the ISO C and C++ conformant name: _strcmpi. See online help for details.
  c:\program files (x86)\windows kits\10\include\10.0.10240.0\ucrt\string.h(562): note: see declaration of 'strcmpi'
c:\users\hak\documents\ku\comp 491\code\reduction-matrix\reduction-matrix\reduction-matrix-result.cpp(314): warning C4996: 'strcmpi': The POSIX name for this item is deprecated. Instead, use the ISO C and C++ conformant name: _strcmpi. See online help for details.
  c:\program files (x86)\windows kits\10\include\10.0.10240.0\ucrt\string.h(562): note: see declaration of 'strcmpi'
  reduction_matrix.cpp
c:\users\hak\documents\ku\comp 491\code\reduction-matrix\reduction-matrix\cuda\reduction_matrix.cpp(58): warning C4244: 'argument': conversion from 'double' to 'unsigned int', possible loss of data
c:\users\hak\documents\ku\comp 491\code\reduction-matrix\reduction-matrix\cuda\reduction_matrix.cpp(75): warning C4244: 'argument': conversion from 'double' to 'unsigned int', possible loss of data
c:\users\hak\documents\ku\comp 491\code\reduction-matrix\reduction-matrix\cuda\reduction_matrix.cpp(86): warning C4244: 'argument': conversion from 'double' to 'unsigned int', possible loss of data
  Generating Code...
  reduction-matrix.vcxproj -> C:\Users\hak\Documents\KU\COMP 491\Code\reduction-matrix\x64\Debug\reduction-matrix.exe
  reduction-matrix.vcxproj -> C:\Users\hak\Documents\KU\COMP 491\Code\reduction-matrix\x64\Debug\reduction-matrix.pdb (Full PDB)
  copy "C:\Program Files\NVIDIA GPU Computing Toolkit\CUDA\v8.0\bin\cudart*.dll" "C:\Users\hak\Documents\KU\COMP 491\Code\reduction-matrix\x64\Debug\"
  C:\Program Files\NVIDIA GPU Computing Toolkit\CUDA\v8.0\bin\cudart32_80.dll
  C:\Program Files\NVIDIA GPU Computing Toolkit\CUDA\v8.0\bin\cudart64_80.dll
          2 file(s) copied.
